{"E:\\jyoti\\apps\\movie-app\\App.js": {"path":"E:\\jyoti\\apps\\movie-app\\App.js","statementMap":{"0":{"start":{"line":9,"column":14},"end":{"line":9,"column":36}},"1":{"start":{"line":11,"column":15},"end":{"line":21,"column":1}},"2":{"start":{"line":22,"column":20},"end":{"line":29,"column":1}},"3":{"start":{"line":32,"column":2},"end":{"line":51,"column":4}},"4":{"start":{"line":54,"column":15},"end":{"line":62,"column":2}}},"fnMap":{"0":{"name":"App","decl":{"start":{"line":31,"column":24},"end":{"line":31,"column":27}},"loc":{"start":{"line":31,"column":30},"end":{"line":52,"column":1}},"line":31}},"branchMap":{},"s":{"0":0,"1":0,"2":0,"3":0,"4":0},"f":{"0":0},"b":{}}
,"E:\\jyoti\\apps\\movie-app\\src\\App.jest.js": {"path":"E:\\jyoti\\apps\\movie-app\\src\\App.jest.js","statementMap":{"0":{"start":{"line":7,"column":0},"end":{"line":12,"column":2}},"1":{"start":{"line":8,"column":2},"end":{"line":11,"column":4}},"2":{"start":{"line":9,"column":17},"end":{"line":9,"column":50}},"3":{"start":{"line":10,"column":4},"end":{"line":10,"column":35}}},"fnMap":{"0":{"name":"(anonymous_0)","decl":{"start":{"line":7,"column":20},"end":{"line":7,"column":21}},"loc":{"start":{"line":7,"column":26},"end":{"line":12,"column":1}},"line":7},"1":{"name":"(anonymous_1)","decl":{"start":{"line":8,"column":21},"end":{"line":8,"column":22}},"loc":{"start":{"line":8,"column":27},"end":{"line":11,"column":3}},"line":8}},"branchMap":{},"s":{"0":0,"1":0,"2":0,"3":0},"f":{"0":0,"1":0},"b":{}}
,"E:\\jyoti\\apps\\movie-app\\src\\Details.js": {"path":"E:\\jyoti\\apps\\movie-app\\src\\Details.js","statementMap":{"0":{"start":{"line":6,"column":40},"end":{"line":6,"column":52}},"1":{"start":{"line":7,"column":2},"end":{"line":17,"column":3}},"2":{"start":{"line":20,"column":15},"end":{"line":24,"column":2}}},"fnMap":{"0":{"name":"Details","decl":{"start":{"line":5,"column":24},"end":{"line":5,"column":31}},"loc":{"start":{"line":5,"column":40},"end":{"line":18,"column":1}},"line":5}},"branchMap":{},"s":{"0":1,"1":0,"2":1},"f":{"0":1},"b":{},"_coverageSchema":"1a1c01bbd47fc00a2c39e90264f33305004495a9","hash":"7bad0fedbff08c675201cd72188e53e06e5d5d1c"}
,"E:\\jyoti\\apps\\movie-app\\src\\Home.js": {"path":"E:\\jyoti\\apps\\movie-app\\src\\Home.js","statementMap":{"0":{"start":{"line":1,"column":0},"end":{"line":1,"column":21}},"1":{"start":{"line":2,"column":0},"end":{"line":2,"column":33}},"2":{"start":{"line":7,"column":30},"end":{"line":7,"column":35}},"3":{"start":{"line":8,"column":12},"end":{"line":8,"column":63}},"4":{"start":{"line":10,"column":26},"end":{"line":10,"column":38}},"5":{"start":{"line":11,"column":28},"end":{"line":11,"column":40}},"6":{"start":{"line":12,"column":26},"end":{"line":12,"column":41}},"7":{"start":{"line":13,"column":40},"end":{"line":13,"column":50}},"8":{"start":{"line":14,"column":2},"end":{"line":21,"column":9}},"9":{"start":{"line":15,"column":24},"end":{"line":19,"column":5}},"10":{"start":{"line":16,"column":23},"end":{"line":16,"column":39}},"11":{"start":{"line":17,"column":21},"end":{"line":17,"column":42}},"12":{"start":{"line":18,"column":6},"end":{"line":18,"column":29}},"13":{"start":{"line":20,"column":4},"end":{"line":20,"column":18}},"14":{"start":{"line":22,"column":23},"end":{"line":28,"column":3}},"15":{"start":{"line":23,"column":22},"end":{"line":23,"column":31}},"16":{"start":{"line":24,"column":19},"end":{"line":24,"column":127}},"17":{"start":{"line":24,"column":76},"end":{"line":24,"column":126}},"18":{"start":{"line":25,"column":15},"end":{"line":25,"column":46}},"19":{"start":{"line":26,"column":4},"end":{"line":26,"column":15}},"20":{"start":{"line":27,"column":4},"end":{"line":27,"column":70}},"21":{"start":{"line":27,"column":57},"end":{"line":27,"column":69}},"22":{"start":{"line":30,"column":29},"end":{"line":33,"column":3}},"23":{"start":{"line":31,"column":4},"end":{"line":31,"column":24}},"24":{"start":{"line":32,"column":4},"end":{"line":32,"column":18}},"25":{"start":{"line":34,"column":2},"end":{"line":36,"column":12}},"26":{"start":{"line":35,"column":4},"end":{"line":35,"column":35}},"27":{"start":{"line":37,"column":2},"end":{"line":67,"column":3}},"28":{"start":{"line":41,"column":23},"end":{"line":41,"column":53}},"29":{"start":{"line":55,"column":68},"end":{"line":60,"column":17}},"30":{"start":{"line":59,"column":31},"end":{"line":59,"column":127}},"31":{"start":{"line":60,"column":69},"end":{"line":63,"column":17}},"32":{"start":{"line":62,"column":29},"end":{"line":62,"column":130}},"33":{"start":{"line":70,"column":15},"end":{"line":95,"column":2}}},"fnMap":{"0":{"name":"Home","decl":{"start":{"line":9,"column":9},"end":{"line":9,"column":13}},"loc":{"start":{"line":9,"column":27},"end":{"line":68,"column":1}},"line":9},"1":{"name":"(anonymous_1)","decl":{"start":{"line":14,"column":12},"end":{"line":14,"column":13}},"loc":{"start":{"line":14,"column":18},"end":{"line":21,"column":3}},"line":14},"2":{"name":"(anonymous_2)","decl":{"start":{"line":15,"column":24},"end":{"line":15,"column":25}},"loc":{"start":{"line":15,"column":35},"end":{"line":19,"column":5}},"line":15},"3":{"name":"(anonymous_3)","decl":{"start":{"line":22,"column":23},"end":{"line":22,"column":24}},"loc":{"start":{"line":22,"column":44},"end":{"line":28,"column":3}},"line":22},"4":{"name":"(anonymous_4)","decl":{"start":{"line":24,"column":71},"end":{"line":24,"column":72}},"loc":{"start":{"line":24,"column":76},"end":{"line":24,"column":126}},"line":24},"5":{"name":"(anonymous_5)","decl":{"start":{"line":30,"column":29},"end":{"line":30,"column":30}},"loc":{"start":{"line":30,"column":39},"end":{"line":33,"column":3}},"line":30},"6":{"name":"(anonymous_6)","decl":{"start":{"line":34,"column":12},"end":{"line":34,"column":13}},"loc":{"start":{"line":34,"column":18},"end":{"line":36,"column":3}},"line":34},"7":{"name":"(anonymous_7)","decl":{"start":{"line":41,"column":17},"end":{"line":41,"column":18}},"loc":{"start":{"line":41,"column":23},"end":{"line":41,"column":53}},"line":41},"8":{"name":"(anonymous_8)","decl":{"start":{"line":55,"column":61},"end":{"line":55,"column":62}},"loc":{"start":{"line":55,"column":68},"end":{"line":60,"column":17}},"line":55},"9":{"name":"(anonymous_9)","decl":{"start":{"line":59,"column":25},"end":{"line":59,"column":26}},"loc":{"start":{"line":59,"column":31},"end":{"line":59,"column":127}},"line":59},"10":{"name":"(anonymous_10)","decl":{"start":{"line":60,"column":60},"end":{"line":60,"column":61}},"loc":{"start":{"line":60,"column":69},"end":{"line":63,"column":17}},"line":60},"11":{"name":"(anonymous_11)","decl":{"start":{"line":62,"column":23},"end":{"line":62,"column":24}},"loc":{"start":{"line":62,"column":29},"end":{"line":62,"column":130}},"line":62}},"branchMap":{"0":{"loc":{"start":{"line":22,"column":30},"end":{"line":22,"column":39}},"type":"default-arg","locations":[{"start":{"line":22,"column":37},"end":{"line":22,"column":39}}],"line":22},"1":{"loc":{"start":{"line":24,"column":19},"end":{"line":24,"column":127}},"type":"binary-expr","locations":[{"start":{"line":24,"column":19},"end":{"line":24,"column":28}},{"start":{"line":24,"column":32},"end":{"line":24,"column":50}},{"start":{"line":24,"column":54},"end":{"line":24,"column":127}}],"line":24},"2":{"loc":{"start":{"line":25,"column":15},"end":{"line":25,"column":46}},"type":"cond-expr","locations":[{"start":{"line":25,"column":35},"end":{"line":25,"column":41}},{"start":{"line":25,"column":44},"end":{"line":25,"column":46}}],"line":25},"3":{"loc":{"start":{"line":27,"column":4},"end":{"line":27,"column":70}},"type":"if","locations":[{"start":{"line":27,"column":4},"end":{"line":27,"column":70}},{"start":{},"end":{}}],"line":27},"4":{"loc":{"start":{"line":27,"column":7},"end":{"line":27,"column":54}},"type":"binary-expr","locations":[{"start":{"line":27,"column":7},"end":{"line":27,"column":25}},{"start":{"line":27,"column":29},"end":{"line":27,"column":54}}],"line":27},"5":{"loc":{"start":{"line":55,"column":9},"end":{"line":63,"column":19}},"type":"cond-expr","locations":[{"start":{"line":55,"column":25},"end":{"line":60,"column":18}},{"start":{"line":60,"column":21},"end":{"line":63,"column":19}}],"line":55},"6":{"loc":{"start":{"line":55,"column":25},"end":{"line":60,"column":18}},"type":"binary-expr","locations":[{"start":{"line":55,"column":25},"end":{"line":55,"column":29}},{"start":{"line":55,"column":33},"end":{"line":55,"column":48}},{"start":{"line":55,"column":52},"end":{"line":60,"column":18}}],"line":55},"7":{"loc":{"start":{"line":60,"column":21},"end":{"line":63,"column":19}},"type":"binary-expr","locations":[{"start":{"line":60,"column":21},"end":{"line":60,"column":26}},{"start":{"line":60,"column":30},"end":{"line":60,"column":46}},{"start":{"line":60,"column":50},"end":{"line":63,"column":19}}],"line":60}},"s":{"0":1,"1":1,"2":1,"3":1,"4":2,"5":2,"6":2,"7":2,"8":2,"9":1,"10":1,"11":0,"12":0,"13":1,"14":2,"15":1,"16":1,"17":0,"18":1,"19":1,"20":1,"21":1,"22":2,"23":0,"24":0,"25":2,"26":1,"27":2,"28":0,"29":0,"30":0,"31":0,"32":0,"33":1},"f":{"0":2,"1":1,"2":1,"3":1,"4":0,"5":0,"6":1,"7":0,"8":0,"9":0,"10":0,"11":0},"b":{"0":[1],"1":[1,1,0],"2":[0,1],"3":[1,0],"4":[1,1],"5":[2,0],"6":[2,2,0],"7":[0,0,0]},"_coverageSchema":"1a1c01bbd47fc00a2c39e90264f33305004495a9","hash":"d7e24f8d836328597d05aba166c8764d897313f0"}
,"E:\\jyoti\\apps\\movie-app\\src\\index.js": {"path":"E:\\jyoti\\apps\\movie-app\\src\\index.js","statementMap":{},"fnMap":{},"branchMap":{},"s":{},"f":{},"b":{}}
,"E:\\jyoti\\apps\\movie-app\\src\\Components\\Card.js": {"path":"E:\\jyoti\\apps\\movie-app\\src\\Components\\Card.js","statementMap":{"0":{"start":{"line":4,"column":19},"end":{"line":18,"column":1}},"1":{"start":{"line":6,"column":0},"end":{"line":17,"column":3}}},"fnMap":{"0":{"name":"(anonymous_0)","decl":{"start":{"line":4,"column":19},"end":{"line":4,"column":20}},"loc":{"start":{"line":4,"column":70},"end":{"line":18,"column":1}},"line":4}},"branchMap":{"0":{"loc":{"start":{"line":13,"column":10},"end":{"line":13,"column":53}},"type":"binary-expr","locations":[{"start":{"line":13,"column":10},"end":{"line":13,"column":14}},{"start":{"line":13,"column":18},"end":{"line":13,"column":53}}],"line":13},"1":{"loc":{"start":{"line":14,"column":11},"end":{"line":14,"column":54}},"type":"binary-expr","locations":[{"start":{"line":14,"column":11},"end":{"line":14,"column":15}},{"start":{"line":14,"column":19},"end":{"line":14,"column":54}}],"line":14}},"s":{"0":1,"1":1},"f":{"0":1},"b":{"0":[1,0],"1":[1,0]},"_coverageSchema":"1a1c01bbd47fc00a2c39e90264f33305004495a9","hash":"dd82616009f4718e6a77723e59fd7f7982faaebd"}
,"E:\\jyoti\\apps\\movie-app\\src\\Components\\Search.js": {"path":"E:\\jyoti\\apps\\movie-app\\src\\Components\\Search.js","statementMap":{"0":{"start":{"line":5,"column":20},"end":{"line":5,"column":25}},"1":{"start":{"line":7,"column":21},"end":{"line":17,"column":1}},"2":{"start":{"line":9,"column":25},"end":{"line":11,"column":3}},"3":{"start":{"line":10,"column":4},"end":{"line":10,"column":127}},"4":{"start":{"line":12,"column":0},"end":{"line":16,"column":3}},"5":{"start":{"line":19,"column":15},"end":{"line":28,"column":2}}},"fnMap":{"0":{"name":"(anonymous_0)","decl":{"start":{"line":7,"column":21},"end":{"line":7,"column":22}},"loc":{"start":{"line":7,"column":44},"end":{"line":17,"column":1}},"line":7},"1":{"name":"(anonymous_1)","decl":{"start":{"line":9,"column":25},"end":{"line":9,"column":26}},"loc":{"start":{"line":9,"column":31},"end":{"line":11,"column":3}},"line":9}},"branchMap":{},"s":{"0":0,"1":0,"2":0,"3":0,"4":0,"5":0},"f":{"0":0,"1":0},"b":{}}
}
