TN:
SF:App.js
FN:31,App
FNF:1
FNH:0
FNDA:0,App
DA:9,0
DA:11,0
DA:22,0
DA:32,0
DA:54,0
LF:5
LH:0
BRF:0
BRH:0
end_of_record
TN:
SF:src\App.jest.js
FN:7,(anonymous_0)
FN:8,(anonymous_1)
FNF:2
FNH:0
FNDA:0,(anonymous_0)
FNDA:0,(anonymous_1)
DA:7,0
DA:8,0
DA:9,0
DA:10,0
LF:4
LH:0
BRF:0
BRH:0
end_of_record
TN:
SF:src\Details.js
FN:5,Details
FNF:1
FNH:1
FNDA:1,Details
DA:6,1
DA:7,0
DA:20,1
LF:3
LH:2
BRF:0
BRH:0
end_of_record
TN:
SF:src\Home.js
FN:9,Home
FN:14,(anonymous_1)
FN:15,(anonymous_2)
FN:22,(anonymous_3)
FN:24,(anonymous_4)
FN:30,(anonymous_5)
FN:34,(anonymous_6)
FN:41,(anonymous_7)
FN:55,(anonymous_8)
FN:59,(anonymous_9)
FN:60,(anonymous_10)
FN:62,(anonymous_11)
FNF:12
FNH:5
FNDA:2,Home
FNDA:1,(anonymous_1)
FNDA:1,(anonymous_2)
FNDA:1,(anonymous_3)
FNDA:0,(anonymous_4)
FNDA:0,(anonymous_5)
FNDA:1,(anonymous_6)
FNDA:0,(anonymous_7)
FNDA:0,(anonymous_8)
FNDA:0,(anonymous_9)
FNDA:0,(anonymous_10)
FNDA:0,(anonymous_11)
DA:1,1
DA:2,1
DA:7,1
DA:8,1
DA:10,2
DA:11,2
DA:12,2
DA:13,2
DA:14,2
DA:15,1
DA:16,1
DA:17,0
DA:18,0
DA:20,1
DA:22,2
DA:23,1
DA:24,1
DA:25,1
DA:26,1
DA:27,1
DA:30,2
DA:31,0
DA:32,0
DA:34,2
DA:35,1
DA:37,2
DA:41,0
DA:55,0
DA:59,0
DA:60,0
DA:62,0
DA:70,1
LF:32
LH:23
BRDA:22,0,0,1
BRDA:24,1,0,1
BRDA:24,1,1,1
BRDA:24,1,2,0
BRDA:25,2,0,0
BRDA:25,2,1,1
BRDA:27,3,0,1
BRDA:27,3,1,0
BRDA:27,4,0,1
BRDA:27,4,1,1
BRDA:55,5,0,2
BRDA:55,5,1,0
BRDA:55,6,0,2
BRDA:55,6,1,2
BRDA:55,6,2,0
BRDA:60,7,0,0
BRDA:60,7,1,0
BRDA:60,7,2,0
BRF:18
BRH:10
end_of_record
TN:
SF:src\index.js
FNF:0
FNH:0
LF:0
LH:0
BRF:0
BRH:0
end_of_record
TN:
SF:src\Components\Card.js
FN:4,(anonymous_0)
FNF:1
FNH:1
FNDA:1,(anonymous_0)
DA:4,1
DA:6,1
LF:2
LH:2
BRDA:13,0,0,1
BRDA:13,0,1,0
BRDA:14,1,0,1
BRDA:14,1,1,0
BRF:4
BRH:2
end_of_record
TN:
SF:src\Components\Search.js
FN:7,(anonymous_0)
FN:9,(anonymous_1)
FNF:2
FNH:0
FNDA:0,(anonymous_0)
FNDA:0,(anonymous_1)
DA:5,0
DA:7,0
DA:9,0
DA:10,0
DA:12,0
DA:19,0
LF:6
LH:0
BRF:0
BRH:0
end_of_record
